***  Installation Started 06/11/11 3:45  ***
Title: Yankee Clipper III Installation
Source: E:\DevSupportCd2\System\YankeeClipperIII Clipboard Tool\YankeeClipperIIIVs1043\Download\YC3Setup.EXE
File Copy: E:\DevSupportCd2\System\YankeeClipperIII Clipboard Tool\YankeeClipperIIIVs1043\ProgramsWxp\UNWISE.EXE
RegDB Key: Software\Microsoft\Windows\CurrentVersion\Uninstall\Yankee Clipper III
RegDB Val: Yankee Clipper III
RegDB Name: DisplayName
RegDB Root: 2
RegDB Old: Yankee Clipper III
RegDB Key: Software\Microsoft\Windows\CurrentVersion\Uninstall\Yankee Clipper III
RegDB Val: E:\DEVSUP~1\SYSTEM\YANKEE~1\YANKEE~1\PROGRA~1\UNWISE.EXE E:\DEVSUP~1\SYSTEM\YANKEE~1\YANKEE~1\PROGRA~1\INSTALL.LOG
RegDB Name: UninstallString
RegDB Root: 2
RegDB Old: C:\PROGRA~1\YCIII\UNWISE.EXE C:\PROGRA~1\YCIII\INSTALL.LOG
File Copy: E:\DevSupportCd2\System\YankeeClipperIII Clipboard Tool\YankeeClipperIIIVs1043\ProgramsWxp\Clip.wav.bak
File Copy: E:\DevSupportCd2\System\YankeeClipperIII Clipboard Tool\YankeeClipperIIIVs1043\ProgramsWxp\International.ini.French
File Copy: E:\DevSupportCd2\System\YankeeClipperIII Clipboard Tool\YankeeClipperIIIVs1043\ProgramsWxp\International.ini.Italian
File Copy: E:\DevSupportCd2\System\YankeeClipperIII Clipboard Tool\YankeeClipperIIIVs1043\ProgramsWxp\International.ini.German
File Copy: E:\DevSupportCd2\System\YankeeClipperIII Clipboard Tool\YankeeClipperIIIVs1043\ProgramsWxp\International.ini.English
Made Dir: E:\DevSupportCd2\System\YankeeClipperIII Clipboard Tool\YankeeClipperIIIVs1043\ProgramsWxp\Default.YCB
File Copy: E:\DevSupportCd2\System\YankeeClipperIII Clipboard Tool\YankeeClipperIIIVs1043\ProgramsWxp\Default.YCB\TextItems.YCF
File Copy: E:\DevSupportCd2\System\YankeeClipperIII Clipboard Tool\YankeeClipperIIIVs1043\ProgramsWxp\readme.html
File Copy: E:\DevSupportCd2\System\YankeeClipperIII Clipboard Tool\YankeeClipperIIIVs1043\ProgramsWxp\Calendar.exe
File Copy: E:\DevSupportCd2\System\YankeeClipperIII Clipboard Tool\YankeeClipperIIIVs1043\ProgramsWxp\YankClip.exe
File Copy: E:\DevSupportCd2\System\YankeeClipperIII Clipboard Tool\YankeeClipperIIIVs1043\ProgramsWxp\YCHelp.CNT
File Copy: E:\DevSupportCd2\System\YankeeClipperIII Clipboard Tool\YankeeClipperIIIVs1043\ProgramsWxp\Ychelp.hlp
File Copy: E:\DevSupportCd2\System\YankeeClipperIII Clipboard Tool\YankeeClipperIIIVs1043\ProgramsWxp\YC3Setup.wse
Shell Link: C:\Documents and Settings\MdmSysAdmin\Start Menu\Programs\Yankee Clipper III.lnk
Shell Link: C:\Documents and Settings\MdmSysAdmin\Start Menu\Programs\Startup\Yankee Clipper III.lnk
RegDB Key: Software\LeVasseur\YankClipperIII
RegDB Val: 
RegDB Root: 1
User Rights: Admin
