Logfile of Trend Micro HijackThis v2.0.5
Scan saved at 4:10:43 PM, on 2021-10-30
Platform: Unknown Windows (WinNT 6.02.1008)
MSIE: Internet Explorer v11.0 (11.00.18362.0001)


Boot mode: Normal

Running processes:
C:\Program Files (x86)\Kaspersky Lab\Kaspersky VPN 5.3\ksdeui.exe
C:\Program Files (x86)\Kaspersky Lab\Kaspersky Password Manager 9.0.2\kpm_tray.exe
C:\Program Files (x86)\Common Files\ArcSoft\Connection Service\Bin\ACDaemon.exe
C:\Program Files (x86)\HP\HP System Event\HPMSGSVC.exe
C:\DevSupportCd2\System\ZoomIt v3.03\ZoomIt.exe
C:\Program Files (x86)\YCIII\YankClip.exe
C:\Program Files (x86)\MWSnap\MWSnap.exe
C:\Program Files (x86)\Common Files\Java\Java Update\jusched.exe
C:\DevSupportCd2\Support\SystemInternals\ProcessExplorer\SiPeVs9_12\ProgramsWxp\procexp.exe
G:\MdmSt\Vs\DsVs3\Library\System\Boot\HijackThis\HijackThis.exe

R1 - HKCU\Software\Microsoft\Internet Explorer\Main,Search Page = http://go.microsoft.com/fwlink/?LinkId=54896
R0 - HKCU\Software\Microsoft\Internet Explorer\Main,Start Page = https://go.microsoft.com/fwlink/p/?LinkId=620947&OCID=AVRES000&pc=UE00
R1 - HKLM\Software\Microsoft\Internet Explorer\Main,Default_Page_URL = http://go.microsoft.com/fwlink/p/?LinkId=255141
R1 - HKLM\Software\Microsoft\Internet Explorer\Main,Default_Search_URL = http://go.microsoft.com/fwlink/?LinkId=54896
R1 - HKLM\Software\Microsoft\Internet Explorer\Main,Search Page = http://go.microsoft.com/fwlink/?LinkId=54896
R0 - HKLM\Software\Microsoft\Internet Explorer\Main,Start Page = http://go.microsoft.com/fwlink/p/?LinkId=255141
R0 - HKLM\Software\Microsoft\Internet Explorer\Search,SearchAssistant = 
R0 - HKLM\Software\Microsoft\Internet Explorer\Search,CustomizeSearch = 
R0 - HKCU\Software\Microsoft\Internet Explorer\Main,Local Page = %11%\blank.htm
R0 - HKLM\Software\Microsoft\Internet Explorer\Main,Local Page = C:\Windows\SysWOW64\blank.htm
R0 - HKCU\Software\Microsoft\Internet Explorer\Toolbar,LinksFolderName = 
O2 - BHO: IEToEdge BHO - {1FD49718-1D00-4B19-AF5F-070AF6D5D54C} - C:\Program Files (x86)\Microsoft\Edge\Application\95.0.1020.30\BHO\ie_to_edge_bho.dll
O2 - BHO: Lync Click to Call BHO - {31D09BA0-12F5-4CCE-BE8A-2923E76605DA} - C:\Program Files\Microsoft Office\root\VFS\ProgramFilesX86\Microsoft Office\Office16\OCHelper.dll
O2 - BHO: Java(tm) Plug-In SSV Helper - {761497BB-D6F0-462C-B6EB-D4DAF1D92D43} - C:\Program Files (x86)\Java\jre1.8.0_311\bin\ssv.dll
O2 - BHO: Java(tm) Plug-In 2 SSV Helper - {DBC80044-A445-435b-BC74-9C25C1C588A9} - C:\Program Files (x86)\Java\jre1.8.0_311\bin\jp2ssv.dll
O4 - HKLM\..\Run: [IJNetworkScannerSelectorEX2] C:\Program Files (x86)\Canon\IJ Network Scanner Selector EX2\CNMNSST2.exe /FORCE
O4 - HKLM\..\Run: [ArcSoft Connection Service] C:\Program Files (x86)\Common Files\ArcSoft\Connection Service\Bin\ACDaemon.exe
O4 - HKLM\..\Run: [HPMessageService] C:\Program Files (x86)\HP\HP System Event\HPMSGSVC.exe
O4 - HKLM\..\Run: [SunJavaUpdateSched] "C:\Program Files (x86)\Common Files\Java\Java Update\jusched.exe"
O4 - HKCU\..\Run: [OneDrive] "C:\Users\david\AppData\Local\Microsoft\OneDrive\OneDrive.exe" /background
O4 - HKCU\..\Run: [Steam] "C:\Program Files (x86)\Steam\steam.exe" -silent
O4 - HKCU\..\Run: [AMDDVR] "C:\Program Files\AMD\CNext\CNext\AMDRSServ.exe"
O4 - HKCU\..\Run: [Discord] C:\Users\david\AppData\Local\Discord\Update.exe --processStart Discord.exe
O4 - HKLM\..\Policies\Explorer\Run: [BootRacer] "C:\Program Files (x86)\BootRacer\bootrace.exe" /2
O4 - HKUS\S-1-5-19\..\Run: [OneDriveSetup] C:\Windows\SysWOW64\OneDriveSetup.exe /thfirstsetup (User 'LOCAL SERVICE')
O4 - HKUS\S-1-5-20\..\Run: [OneDriveSetup] C:\Windows\SysWOW64\OneDriveSetup.exe /thfirstsetup (User 'NETWORK SERVICE')
O4 - HKUS\S-1-5-80-1985561900-798682989-2213159822-1904180398-3434236965\..\Run: [OneDriveSetup] C:\Windows\SysWOW64\OneDriveSetup.exe /thfirstsetup (User 'SQLTELEMETRY$SQLEXPRESS')
O4 - HKUS\S-1-5-80-1985561900-798682989-2213159822-1904180398-3434236965\..\RunOnce: [WAB Migrate] %ProgramFiles%\Windows Mail\wab.exe /Upgrade (User 'SQLTELEMETRY$SQLEXPRESS')
O4 - HKUS\S-1-5-80-3880006512-4290199581-1648723128-3569869737-3631323133\..\Run: [OneDriveSetup] C:\Windows\SysWOW64\OneDriveSetup.exe /thfirstsetup (User 'MSSQL$SQLEXPRESS')
O4 - HKUS\S-1-5-80-3880006512-4290199581-1648723128-3569869737-3631323133\..\RunOnce: [WAB Migrate] %ProgramFiles%\Windows Mail\wab.exe /Upgrade (User 'MSSQL$SQLEXPRESS')
O4 - HKUS\S-1-5-80-3919359670-3540430778-4246408611-3681914861-206046543\..\Run: [OneDriveSetup] C:\Windows\SysWOW64\OneDriveSetup.exe /thfirstsetup (User 'MSSQLLaunchpad$SQLEXPRESS')
O4 - HKUS\S-1-5-80-3919359670-3540430778-4246408611-3681914861-206046543\..\RunOnce: [WAB Migrate] %ProgramFiles%\Windows Mail\wab.exe /Upgrade (User 'MSSQLLaunchpad$SQLEXPRESS')
O4 - HKUS\S-1-5-80-997390408-2153310517-3119169589-2253446180-2226563786\..\Run: [OneDriveSetup] C:\Windows\SysWOW64\OneDriveSetup.exe /thfirstsetup (User 'MSSQLFDLauncher$SQLEXPRESS')
O4 - HKUS\S-1-5-80-997390408-2153310517-3119169589-2253446180-2226563786\..\RunOnce: [WAB Migrate] %ProgramFiles%\Windows Mail\wab.exe /Upgrade (User 'MSSQLFDLauncher$SQLEXPRESS')
O4 - Global Startup: Sys Tasks ProcExplorer.lnk = C:\DevSupportCd2\Support\SystemInternals\ProcessExplorer\SiPeVs9_12\ProgramsWxp\procexp.exe
O4 - Global Startup: UI MWSnap3.lnk = C:\Program Files (x86)\MWSnap\MWSnap.exe
O8 - Extra context menu item: E&xport to Microsoft Excel - res://C:\Program Files\Microsoft Office\root\Office16\EXCEL.EXE/3000
O8 - Extra context menu item: Se&nd to OneNote - res://C:\Program Files\Microsoft Office\root\Office16\ONBttnIE.dll/105
O9 - Extra button: Send to OneNote - {2670000A-7350-4f3c-8081-5663EE0C6C49} - C:\Program Files\Microsoft Office\root\VFS\ProgramFilesX86\Microsoft Office\Office16\ONBttnIE.dll
O9 - Extra 'Tools' menuitem: Se&nd to OneNote - {2670000A-7350-4f3c-8081-5663EE0C6C49} - C:\Program Files\Microsoft Office\root\VFS\ProgramFilesX86\Microsoft Office\Office16\ONBttnIE.dll
O9 - Extra button: Lync Click to Call - {31D09BA0-12F5-4CCE-BE8A-2923E76605DA} - C:\Program Files\Microsoft Office\root\VFS\ProgramFilesX86\Microsoft Office\Office16\OCHelper.dll
O9 - Extra 'Tools' menuitem: Lync Click to Call - {31D09BA0-12F5-4CCE-BE8A-2923E76605DA} - C:\Program Files\Microsoft Office\root\VFS\ProgramFilesX86\Microsoft Office\Office16\OCHelper.dll
O9 - Extra button: OneNote Lin&ked Notes - {789FE86F-6FC4-46A1-9849-EDE0DB0C95CA} - C:\Program Files\Microsoft Office\root\VFS\ProgramFilesX86\Microsoft Office\Office16\ONBttnIELinkedNotes.dll
O9 - Extra 'Tools' menuitem: OneNote Lin&ked Notes - {789FE86F-6FC4-46A1-9849-EDE0DB0C95CA} - C:\Program Files\Microsoft Office\root\VFS\ProgramFilesX86\Microsoft Office\Office16\ONBttnIELinkedNotes.dll
O11 - Options group: [ACCELERATED_GRAPHICS] Accelerated graphics
O18 - Protocol: mso-minsb-roaming.16 - {83C25742-A9F7-49FB-9138-434302C88D07} - C:\Program Files\Microsoft Office\root\VFS\ProgramFilesX86\Microsoft Office\Office16\MSOSB.DLL
O18 - Protocol: mso-minsb.16 - {42089D2D-912D-4018-9087-2B87803E93FB} - C:\Program Files\Microsoft Office\root\VFS\ProgramFilesX86\Microsoft Office\Office16\MSOSB.DLL
O18 - Protocol: osf-roaming.16 - {42089D2D-912D-4018-9087-2B87803E93FB} - C:\Program Files\Microsoft Office\root\VFS\ProgramFilesX86\Microsoft Office\Office16\MSOSB.DLL
O18 - Protocol: osf.16 - {5504BE45-A83B-4808-900A-3A5C36E7F77A} - C:\Program Files\Microsoft Office\root\VFS\ProgramFilesX86\Microsoft Office\Office16\MSOSB.DLL
O18 - Protocol: tbauth - {14654CA6-5711-491D-B89A-58E571679951} - C:\Windows\SysWOW64\tbauth.dll
O18 - Protocol: windows.tbauth - {14654CA6-5711-491D-B89A-58E571679951} - C:\Windows\SysWOW64\tbauth.dll
O18 - Filter hijack: text/xml - {807583E5-5146-11D5-A672-00B0D022E945} - C:\Program Files\Microsoft Office\root\VFS\ProgramFilesCommonX86\Microsoft Shared\Office16\MSOXMLMF.DLL
O23 - Service: ArcSoft Connect Daemon (ACDaemon) - ArcSoft Inc. - C:\Program Files (x86)\Common Files\ArcSoft\Connection Service\Bin\ACService.exe
O23 - Service: Adobe Acrobat Update Service (AdobeARMservice) - Adobe Inc. - C:\Program Files (x86)\Common Files\Adobe\ARM\1.0\armsvc.exe
O23 - Service: @%SystemRoot%\system32\Alg.exe,-112 (ALG) - Unknown owner - C:\WINDOWS\System32\alg.exe (file missing)
O23 - Service: AMD Crash Defender Service - Unknown owner - C:\WINDOWS\system32\amdfendrsr.exe (file missing)
O23 - Service: AMD External Events Utility - AMD - C:\WINDOWS\System32\DriverStore\FileRepository\u0368456.inf_amd64_fc65705fd5034968\B367348\atiesrxx.exe
O23 - Service: AMD User Experience Program Launcher (AUEPLauncher) - AMD - C:\Program Files\AMD\CIM\..\Performance Profile Client\AUEPLauncher.exe
O23 - Service: Kaspersky Anti-Virus Service 21.3 (AVP21.3) - AO Kaspersky Lab - C:\Program Files (x86)\Kaspersky Lab\Kaspersky Security Cloud 21.3\avp.exe
O23 - Service: BattlEye Service (BEService) - Unknown owner - C:\Program Files (x86)\Common Files\BattlEye\BEService.exe
O23 - Service: Bonjour Service - Apple Inc. - C:\Program Files\Bonjour\mDNSResponder.exe
O23 - Service: BootRacerServ - Greatis Software, LLC - C:\Program Files (x86)\BootRacer\BootRacerServ.exe
O23 - Service: BTDevManager - Unknown owner - C:\Program Files (x86)\REALTEK\Realtek Bluetooth\BTDevMgr.exe
O23 - Service: @%SystemRoot%\system32\CredentialEnrollmentManager.exe,-100 (CredentialEnrollmentManagerUserSvc) - Unknown owner - C:\WINDOWS\system32\CredentialEnrollmentManager.exe (file missing)
O23 - Service: CredentialEnrollmentManagerUserSvc_2603fc - Unknown owner - C:\WINDOWS\system32\CredentialEnrollmentManager.exe (file missing)
O23 - Service: Dropbox Update Service (dbupdatem) (dbupdatem) - Dropbox, Inc. - C:\Program Files (x86)\Dropbox\Update\DropboxUpdate.exe
O23 - Service: @%SystemRoot%\system32\DiagSvcs\DiagnosticsHub.StandardCollector.ServiceRes.dll,-1000 (diagnosticshub.standardcollector.service) - Unknown owner - C:\WINDOWS\system32\DiagSvcs\DiagnosticsHub.StandardCollector.Service.exe (file missing)
O23 - Service: EasyAntiCheat - Epic Games, Inc - C:\Program Files (x86)\EasyAntiCheat\EasyAntiCheat.exe
O23 - Service: @%SystemRoot%\system32\efssvc.dll,-100 (EFS) - Unknown owner - C:\WINDOWS\System32\lsass.exe (file missing)
O23 - Service: @%systemroot%\system32\fxsresm.dll,-118 (Fax) - Unknown owner - C:\WINDOWS\system32\fxssvc.exe (file missing)
O23 - Service: GamesAppService - Unknown owner - C:\Program Files (x86)\WildTangent Games\App\GamesAppService.exe
O23 - Service: Google Chrome Elevation Service (GoogleChromeElevationService) (GoogleChromeElevationService) - Google LLC - C:\Program Files (x86)\Google\Chrome\Application\95.0.4638.54\elevation_service.exe
O23 - Service: Google Update Service (gupdate) (gupdate) - Google Inc. - C:\Program Files (x86)\Google\Update\GoogleUpdate.exe
O23 - Service: Google Update Service (gupdatem) (gupdatem) - Google Inc. - C:\Program Files (x86)\Google\Update\GoogleUpdate.exe
O23 - Service: HP Comm Recovery (HP Comm Recover) - HP Inc. - c:\Program Files\HPCommRecovery\HPCommRecovery.exe
O23 - Service: HP App Helper HSA Service (HPAppHelperCap) - HP Inc. - C:\Program Files\HP\HP Enabling Services\AppHelperCap.exe
O23 - Service: HP Diagnostics HSA Service (HPDiagsCap) - HP Inc. - C:\Program Files\HP\HP Enabling Services\DiagsCap.exe
O23 - Service: HP Network HSA Service (HPNetworkCap) - HP Inc. - C:\Program Files\HP\HP Enabling Services\NetworkCap.exe
O23 - Service: HP CASL Framework Service (hpqcaslwmiex) - HP - C:\Program Files (x86)\HP\Shared\hpqwmiex.exe
O23 - Service: HP Software Framework Service (hpqwmiex) - Hewlett-Packard Company - C:\Program Files (x86)\Hewlett-Packard\Shared\hpqwmiex.exe
O23 - Service: HP Support Solutions Framework Service (HPSupportSolutionsFrameworkService) - HP Inc. - C:\Program Files (x86)\Hewlett-Packard\HP Support Solutions\HPSupportSolutionsFrameworkService.exe
O23 - Service: HP System Info HSA Service (HPSysInfoCap) - HP Inc. - C:\Program Files\HP\HP Enabling Services\SysInfoCap.exe
O23 - Service: HP Touchpoint Analytics (HPTouchpointAnalyticsService) - HP Inc. - C:\Program Files\HP\HP Touchpoint Analytics Client\TouchpointAnalyticsClientService.exe
O23 - Service: HPWMISVC - HP Inc. - C:\Program Files (x86)\HP\HP System Event\HPWMISVC.exe
O23 - Service: Canon Inkjet Printer/Scanner/Fax Extended Survey Program (IJPLMSVC) - Unknown owner - C:\Program Files (x86)\Canon\IJPLM\IJPLMSVC.EXE
O23 - Service: @keyiso.dll,-100 (KeyIso) - Unknown owner - C:\WINDOWS\system32\lsass.exe (file missing)
O23 - Service: Kaspersky Volume Shadow Copy Service Bridge 21.3 (klvssbridge64_21.3) - AO Kaspersky Lab - C:\Program Files (x86)\Kaspersky Lab\Kaspersky Security Cloud 21.3\x64\vssbridge64.exe
O23 - Service: Kaspersky Password Manager Service (kpm_launch_service) - AO Kaspersky Lab - C:\Program Files (x86)\Kaspersky Lab\Kaspersky Password Manager 9.0.2\kpm_service.exe
O23 - Service: Kaspersky VPN Secure Connection Service 5.3 (KSDE5.3) - AO Kaspersky Lab - C:\Program Files (x86)\Kaspersky Lab\Kaspersky VPN 5.3\ksde.exe
O23 - Service: Malwarebytes Service (MBAMService) - Malwarebytes - C:\Program Files\Malwarebytes\Anti-Malware\MBAMService.exe
O23 - Service: Mozilla Maintenance Service (MozillaMaintenance) - Mozilla Foundation - C:\Program Files (x86)\Mozilla Maintenance Service\maintenanceservice.exe
O23 - Service: @comres.dll,-2797 (MSDTC) - Unknown owner - C:\WINDOWS\System32\msdtc.exe (file missing)
O23 - Service: @%SystemRoot%\System32\netlogon.dll,-102 (Netlogon) - Unknown owner - C:\WINDOWS\system32\lsass.exe (file missing)
O23 - Service: @%systemroot%\system32\PerceptionSimulation\PerceptionSimulationService.exe,-101 (perceptionsimulation) - Unknown owner - C:\WINDOWS\system32\PerceptionSimulation\PerceptionSimulationService.exe (file missing)
O23 - Service: Cyberlink RichVideo64 Service(CRVS) (RichVideo64) - Unknown owner - C:\Program Files\CyberLink\Shared files\RichVideo64.exe
O23 - Service: @%systemroot%\system32\Locator.exe,-2 (RpcLocator) - Unknown owner - C:\WINDOWS\system32\locator.exe (file missing)
O23 - Service: Realtek Audio Service (RtkAudioService) - Realtek Semiconductor - C:\Program Files\Realtek\Audio\HDA\RtkAudioService64.exe
O23 - Service: @oem31.inf,%RtkBtManServ.SvcDesc%;Realtek Bluetooth Device Manager Service (RtkBtManServ) - Realtek Semiconductor Corp. - C:\WINDOWS\RtkBtManServ.exe
O23 - Service: @%SystemRoot%\system32\samsrv.dll,-1 (SamSs) - Unknown owner - C:\WINDOWS\system32\lsass.exe (file missing)
O23 - Service: @%systemroot%\system32\SecurityHealthAgent.dll,-1002 (SecurityHealthService) - Unknown owner - C:\WINDOWS\system32\SecurityHealthService.exe (file missing)
O23 - Service: @%SystemRoot%\system32\SensorDataService.exe,-101 (SensorDataService) - Unknown owner - C:\WINDOWS\System32\SensorDataService.exe (file missing)
O23 - Service: @%SystemRoot%\System32\SgrmBroker.exe,-100 (SgrmBroker) - Unknown owner - C:\WINDOWS\system32\SgrmBroker.exe (file missing)
O23 - Service: @firewallapi.dll,-50323 (SNMPTRAP) - Unknown owner - C:\WINDOWS\System32\snmptrap.exe (file missing)
O23 - Service: @%systemroot%\system32\spectrum.exe,-101 (spectrum) - Unknown owner - C:\WINDOWS\system32\spectrum.exe (file missing)
O23 - Service: @%systemroot%\system32\spoolsv.exe,-1 (Spooler) - Unknown owner - C:\WINDOWS\System32\spoolsv.exe (file missing)
O23 - Service: @%SystemRoot%\system32\sppsvc.exe,-101 (sppsvc) - Unknown owner - C:\WINDOWS\system32\sppsvc.exe (file missing)
O23 - Service: OpenSSH Authentication Agent (ssh-agent) - Unknown owner - C:\WINDOWS\System32\OpenSSH\ssh-agent.exe (file missing)
O23 - Service: @oem64.inf,%ss_conn_launcher.SvcDesc%;SAMSUNG Mobile USB Connectivity Launcher (ss_conn_launcher_service) - Unknown owner - C:\WINDOWS\System32\Samsung\EasySetup\ss_conn_launcher.exe (file missing)
O23 - Service: Steam Client Service - Valve Corporation - C:\Program Files (x86)\Common Files\Steam\SteamService.exe
O23 - Service: SynTPEnh Caller Service (SynTPEnhService) - Synaptics Incorporated - C:\Program Files\Synaptics\SynTP\SynTPEnhService.exe
O23 - Service: @%SystemRoot%\system32\TieringEngineService.exe,-702 (TieringEngineService) - Unknown owner - C:\WINDOWS\system32\TieringEngineService.exe (file missing)
O23 - Service: TightVNC Server (tvnserver) - GlavSoft LLC. - C:\Program Files\TightVNC\tvnserver.exe
O23 - Service: CamMonitor (uCamMonitor) - ArcSoft, Inc. - C:\Program Files (x86)\ArcSoft\HP Webcam Software Suite\Magic-i Visual Effects 2\uCamMonitor.exe
O23 - Service: @%SystemRoot%\system32\vaultsvc.dll,-1003 (VaultSvc) - Unknown owner - C:\WINDOWS\system32\lsass.exe (file missing)
O23 - Service: @%SystemRoot%\system32\vds.exe,-100 (vds) - Unknown owner - C:\WINDOWS\System32\vds.exe (file missing)
O23 - Service: @%systemroot%\system32\vssvc.exe,-102 (VSS) - Unknown owner - C:\WINDOWS\system32\vssvc.exe (file missing)
O23 - Service: @%systemroot%\system32\wbengine.exe,-104 (wbengine) - Unknown owner - C:\WINDOWS\system32\wbengine.exe (file missing)
O23 - Service: WildTangentHelper - Unknown owner - C:\Program Files (x86)\WildTangent Games\Integration\WildTangentHelperService.exe
O23 - Service: @%Systemroot%\system32\wbem\wmiapsrv.exe,-110 (wmiApSrv) - Unknown owner - C:\WINDOWS\system32\wbem\WmiApSrv.exe (file missing)
O23 - Service: @%PROGRAMFILES%\Windows Media Player\wmpnetwk.exe,-101 (WMPNetworkSvc) - Unknown owner - C:\Program Files (x86)\Windows Media Player\wmpnetwk.exe (file missing)

--
End of file - 17565 bytes
